<?xml version="1.0" encoding="UTF-8"?>
<testsuite xmlns:xsi="http://www.w3.org/2001/XMLSchema-instance" xsi:noNamespaceSchemaLocation="https://maven.apache.org/surefire/maven-surefire-plugin/xsd/surefire-test-report-3.0.xsd" version="3.0" name="TestSuite" time="105.38" tests="7" errors="0" skipped="0" failures="0">
  <properties>
[...]
</properties>
  <testcase name="verifyChooseFile" classname="com.demoguru99.tests.ChooseFileTest" time="41.676">
    <system-out><![CDATA[[main] INFO  com.demoguru99.tests.ChooseFileTest  - Application Started
[main] INFO  com.demoguru99.tests.ChooseFileTest  - Application started
[main] INFO  com.demoguru99.tests.ChooseFileTest  - verifyChooseFile Testcase executed
]]></system-out>
    <system-err><![CDATA[SLF4J(W): No SLF4J providers were found.
SLF4J(W): Defaulting to no-operation (NOP) logger implementation
SLF4J(W): See https://www.slf4j.org/codes.html#noProviders for further details.
log4j:ERROR Could not find value for key log4j.appender.info
log4j:ERROR Could not instantiate appender named "info".
log4j:ERROR Could not find value for key log4j.appender.info
log4j:ERROR Could not instantiate appender named "info".
Dec 06, 2024 10:16:17 AM org.openqa.selenium.devtools.CdpVersionFinder findNearestMatch
WARNING: Unable to find CDP implementation matching 131
Dec 06, 2024 10:16:17 AM org.openqa.selenium.chromium.ChromiumDriver lambda$new$5
WARNING: Unable to find version of CDP to use for 131.0.6778.109. You may need to include a dependency on a specific version of the CDP using something similar to `org.seleniumhq.selenium:selenium-devtools-v86:4.25.0` where the version ("v86") matches the version of the chromium-based browser you're using and the version number of the artifact is the same as Selenium's.
]]></system-err>
  </testcase>
  <testcase name="verifyDeleteCustomer" classname="com.demoguru99.tests.DeleteCustomerTest" time="4.58">
    <system-out><![CDATA[[main] INFO  com.demoguru99.tests.ChooseFileTest  - Application terminated
[main] INFO  com.demoguru99.tests.ChooseFileTest  - Termination completed
[main] INFO  com.demoguru99.tests.DeleteCustomerTest  - Application Started
[main] INFO  com.demoguru99.tests.DeleteCustomerTest  - Application started
[main] INFO  com.demoguru99.tests.DeleteCustomerTest  - verifyDeleteCustomer testcase Executed
]]></system-out>
    <system-err><![CDATA[log4j:ERROR Could not find value for key log4j.appender.info
log4j:ERROR Could not instantiate appender named "info".
Dec 06, 2024 10:17:03 AM org.openqa.selenium.devtools.CdpVersionFinder findNearestMatch
WARNING: Unable to find CDP implementation matching 131
Dec 06, 2024 10:17:03 AM org.openqa.selenium.chromium.ChromiumDriver lambda$new$5
WARNING: Unable to find version of CDP to use for 131.0.6778.109. You may need to include a dependency on a specific version of the CDP using something similar to `org.seleniumhq.selenium:selenium-devtools-v86:4.25.0` where the version ("v86") matches the version of the chromium-based browser you're using and the version number of the artifact is the same as Selenium's.
]]></system-err>
  </testcase>
  <testcase name="verifyLogin" classname="com.demoguru99.tests.LoginTest" time="1.944">
    <system-out><![CDATA[[main] INFO  com.demoguru99.tests.DeleteCustomerTest  - Application terminated
[main] INFO  com.demoguru99.tests.DeleteCustomerTest  - Application Terminated 
[main] INFO  com.demoguru99.tests.LoginTest  - Application Started
[main] INFO  com.demoguru99.tests.LoginTest  - Application started
[main] INFO  com.demoguru99.tests.LoginTest  - Login functionality validated
]]></system-out>
    <system-err><![CDATA[log4j:ERROR Could not find value for key log4j.appender.info
log4j:ERROR Could not instantiate appender named "info".
Dec 06, 2024 10:17:12 AM org.openqa.selenium.devtools.CdpVersionFinder findNearestMatch
WARNING: Unable to find CDP implementation matching 131
Dec 06, 2024 10:17:12 AM org.openqa.selenium.chromium.ChromiumDriver lambda$new$5
WARNING: Unable to find version of CDP to use for 131.0.6778.109. You may need to include a dependency on a specific version of the CDP using something similar to `org.seleniumhq.selenium:selenium-devtools-v86:4.25.0` where the version ("v86") matches the version of the chromium-based browser you're using and the version number of the artifact is the same as Selenium's.
]]></system-err>
  </testcase>
  <testcase name="verifyDemoMovie" classname="com.demoguru99.tests.MovieDemoTest" time="0.951">
    <system-out><![CDATA[[main] INFO  com.demoguru99.tests.LoginTest  - Application terminated
[main] INFO  com.demoguru99.tests.LoginTest  - Termination completed
[main] INFO  com.demoguru99.tests.MovieDemoTest  - Application Started
[main] INFO  com.demoguru99.tests.MovieDemoTest  - Application started
[main] INFO  com.demoguru99.tests.MovieDemoTest  - Demo movie flash page verified
]]></system-out>
    <system-err><![CDATA[log4j:ERROR Could not find value for key log4j.appender.info
log4j:ERROR Could not instantiate appender named "info".
Dec 06, 2024 10:17:19 AM org.openqa.selenium.devtools.CdpVersionFinder findNearestMatch
WARNING: Unable to find CDP implementation matching 131
Dec 06, 2024 10:17:19 AM org.openqa.selenium.chromium.ChromiumDriver lambda$new$5
WARNING: Unable to find version of CDP to use for 131.0.6778.109. You may need to include a dependency on a specific version of the CDP using something similar to `org.seleniumhq.selenium:selenium-devtools-v86:4.25.0` where the version ("v86") matches the version of the chromium-based browser you're using and the version number of the artifact is the same as Selenium's.
]]></system-err>
  </testcase>
  <testcase name="checkBoxAndRadio" classname="com.demoguru99.tests.RadioAndCheckTest" time="1.096">
    <system-out><![CDATA[[main] INFO  com.demoguru99.tests.MovieDemoTest  - Application terminated
[main] INFO  com.demoguru99.tests.MovieDemoTest  - Termination completed
[main] INFO  com.demoguru99.tests.RadioAndCheckTest  - Application Started
[main] INFO  com.demoguru99.tests.RadioAndCheckTest  - Application started
[main] INFO  com.demoguru99.tests.RadioAndCheckTest  - checkBoxAndRadio TestCase executed
]]></system-out>
    <system-err><![CDATA[log4j:ERROR Could not find value for key log4j.appender.info
log4j:ERROR Could not instantiate appender named "info".
Dec 06, 2024 10:17:25 AM org.openqa.selenium.devtools.CdpVersionFinder findNearestMatch
WARNING: Unable to find CDP implementation matching 131
Dec 06, 2024 10:17:25 AM org.openqa.selenium.chromium.ChromiumDriver lambda$new$5
WARNING: Unable to find version of CDP to use for 131.0.6778.109. You may need to include a dependency on a specific version of the CDP using something similar to `org.seleniumhq.selenium:selenium-devtools-v86:4.25.0` where the version ("v86") matches the version of the chromium-based browser you're using and the version number of the artifact is the same as Selenium's.
]]></system-err>
  </testcase>
  <testcase name="verifyToolTip" classname="com.demoguru99.tests.ToolTipTest" time="9.972">
    <system-out><![CDATA[[main] INFO  com.demoguru99.tests.RadioAndCheckTest  - Application terminated
[main] INFO  com.demoguru99.tests.RadioAndCheckTest  - Application Terminated 
[main] INFO  com.demoguru99.tests.ToolTipTest  - Application Started
[main] INFO  com.demoguru99.tests.ToolTipTest  - Application Started
What's new in 3.2
[main] INFO  com.demoguru99.tests.ToolTipTest  - verifyToolTip testCase executed
]]></system-out>
    <system-err><![CDATA[log4j:ERROR Could not find value for key log4j.appender.info
log4j:ERROR Could not instantiate appender named "info".
Dec 06, 2024 10:17:31 AM org.openqa.selenium.devtools.CdpVersionFinder findNearestMatch
WARNING: Unable to find CDP implementation matching 131
Dec 06, 2024 10:17:31 AM org.openqa.selenium.chromium.ChromiumDriver lambda$new$5
WARNING: Unable to find version of CDP to use for 131.0.6778.109. You may need to include a dependency on a specific version of the CDP using something similar to `org.seleniumhq.selenium:selenium-devtools-v86:4.25.0` where the version ("v86") matches the version of the chromium-based browser you're using and the version number of the artifact is the same as Selenium's.
]]></system-err>
  </testcase>
  <testcase name="verifyUpload" classname="com.demoguru99.tests.UploadFileTest" time="10.509">
    <system-out><![CDATA[[main] INFO  com.demoguru99.tests.ToolTipTest  - Application terminated
[main] INFO  com.demoguru99.tests.ToolTipTest  - Application Terminated 
[main] INFO  com.demoguru99.tests.UploadFileTest  - Application Started
[main] INFO  com.demoguru99.tests.UploadFileTest  - Application started
[main] INFO  com.demoguru99.tests.UploadFileTest  - VerifyUpload Testcase executed
]]></system-out>
    <system-err><![CDATA[log4j:ERROR Could not find value for key log4j.appender.info
log4j:ERROR Could not instantiate appender named "info".
Dec 06, 2024 10:17:45 AM org.openqa.selenium.devtools.CdpVersionFinder findNearestMatch
WARNING: Unable to find CDP implementation matching 131
Dec 06, 2024 10:17:45 AM org.openqa.selenium.chromium.ChromiumDriver lambda$new$5
WARNING: Unable to find version of CDP to use for 131.0.6778.109. You may need to include a dependency on a specific version of the CDP using something similar to `org.seleniumhq.selenium:selenium-devtools-v86:4.25.0` where the version ("v86") matches the version of the chromium-based browser you're using and the version number of the artifact is the same as Selenium's.
]]></system-err>
  </testcase>
</testsuite>