<?xml version="1.0" encoding="UTF-8"?>
<!-- Generated by org.testng.reporters.JUnitXMLReporter -->
<testsuite ignored="0" hostname="DESKTOP-CNO5FV5" failures="0" tests="7" name="End to End Test" time="104.246" errors="0" timestamp="2024-12-06T10:18:00 IST">
  <testcase classname="com.demoguru99.tests.ChooseFileTest" name="verifyChooseFile" time="41.674"/>
  <testcase classname="com.demoguru99.tests.DeleteCustomerTest" name="verifyDeleteCustomer" time="4.579"/>
  <testcase classname="com.demoguru99.tests.LoginTest" name="verifyLogin" time="1.944"/>
  <testcase classname="com.demoguru99.tests.MovieDemoTest" name="verifyDemoMovie" time="0.957"/>
  <testcase classname="com.demoguru99.tests.RadioAndCheckTest" name="checkBoxAndRadio" time="1.096"/>
  <testcase classname="com.demoguru99.tests.ToolTipTest" name="verifyToolTip" time="9.971"/>
  <testcase classname="com.demoguru99.tests.UploadFileTest" name="verifyUpload" time="10.512"/>
</testsuite> <!-- End to End Test -->
